<?xml version="1.0" encoding="UTF-8"?>
<testsuite name="iloveyouboss.domain.MatchSetTest" tests="1" skipped="0" failures="0" errors="0" timestamp="2022-08-28T09:28:02" hostname="AL02025359.local" time="0.009">
  <properties/>
  <testcase name="matchAnswersTrueForAnyDontCareCriteria()" classname="iloveyouboss.domain.MatchSetTest" time="0.009"/>
  <system-out><![CDATA[]]></system-out>
  <system-err><![CDATA[]]></system-err>
</testsuite>
