<?xml version="1.0" encoding="UTF-8"?>
<testsuite name="util.SearchTest" tests="1" skipped="0" failures="0" errors="0" timestamp="2022-08-30T00:40:26" hostname="AL02025359.local" time="0.009">
  <properties/>
  <testcase name="returnsMatchesShowingContextWhenSearchStringInContent()" classname="util.SearchTest" time="0.009"/>
  <system-out><![CDATA[]]></system-out>
  <system-err><![CDATA[]]></system-err>
</testsuite>
