<?xml version="1.0" encoding="UTF-8"?>
<testsuite name="iloveyouboss.transmission.TransmissionTest" tests="1" skipped="0" failures="0" errors="0" timestamp="2022-08-27T10:24:12" hostname="AL02025359.local" time="0.01">
  <properties/>
  <testcase name="allowsShiftToParkWhenNotMoving()" classname="iloveyouboss.transmission.TransmissionTest" time="0.01"/>
  <system-out><![CDATA[]]></system-out>
  <system-err><![CDATA[]]></system-err>
</testsuite>
