<?xml version="1.0" encoding="UTF-8"?>
<testsuite name="iloveyouboss.transmission.TransmissionTest" tests="3" skipped="0" failures="0" errors="0" timestamp="2022-08-28T09:40:12" hostname="AL02025359.local" time="0.002">
  <properties/>
  <testcase name="ignoresShiftToParkWhileInDrive()" classname="iloveyouboss.transmission.TransmissionTest" time="0.001"/>
  <testcase name="allowsShiftToParkWhenNotMoving()" classname="iloveyouboss.transmission.TransmissionTest" time="0.0"/>
  <testcase name="remainsInDriveAfterAcceleration()" classname="iloveyouboss.transmission.TransmissionTest" time="0.0"/>
  <system-out><![CDATA[]]></system-out>
  <system-err><![CDATA[]]></system-err>
</testsuite>
