<?xml version="1.0" encoding="UTF-8"?>
<testsuite name="iloveyouboss.domain.AddressRetrieverTest" tests="1" skipped="0" failures="0" errors="0" timestamp="2022-08-29T23:28:45" hostname="AL02025359.local" time="0.18">
  <properties/>
  <testcase name="answersAppropriateAddressForValidCoordinates()" classname="iloveyouboss.domain.AddressRetrieverTest" time="0.18"/>
  <system-out><![CDATA[]]></system-out>
  <system-err><![CDATA[]]></system-err>
</testsuite>
