<?xml version="1.0" encoding="UTF-8"?>
<testsuite name="iloveyouboss.ProfileTest" tests="2" skipped="0" failures="0" errors="0" timestamp="2022-08-23T11:49:33" hostname="AL02025359.local" time="0.009">
  <properties/>
  <testcase name="matchAnswersTrueForAnyDontCareCriteria()" classname="iloveyouboss.ProfileTest" time="0.009"/>
  <testcase name="matchAnswersFalseWhenMustMatchCriteriaNotMet()" classname="iloveyouboss.ProfileTest" time="0.0"/>
  <system-out><![CDATA[]]></system-out>
  <system-err><![CDATA[]]></system-err>
</testsuite>
