<?xml version="1.0" encoding="UTF-8"?>
<testsuite name="iloveyouboss.ScoreCollectionTest" tests="4" skipped="0" failures="0" errors="0" timestamp="2022-08-28T09:40:10" hostname="AL02025359.local" time="0.013">
  <properties/>
  <testcase name="dealsWithIntegerOverflow()" classname="iloveyouboss.ScoreCollectionTest" time="0.01"/>
  <testcase name="answersArithmeticMeanOfTwoNumbers()" classname="iloveyouboss.ScoreCollectionTest" time="0.0"/>
  <testcase name="throwsExceptionWhenAddingNull()" classname="iloveyouboss.ScoreCollectionTest" time="0.001"/>
  <testcase name="answerZeroWhenNoElementsAdded()" classname="iloveyouboss.ScoreCollectionTest" time="0.0"/>
  <system-out><![CDATA[]]></system-out>
  <system-err><![CDATA[]]></system-err>
</testsuite>
