<?xml version="1.0" encoding="UTF-8"?>
<testsuite name="util.SearchTest" tests="4" skipped="0" failures="0" errors="0" timestamp="2022-08-30T00:47:23" hostname="AL02025359.local" time="0.011">
  <properties/>
  <testcase name="returnsErroredWhenUnableToReadStream()" classname="util.SearchTest" time="0.007"/>
  <testcase name="returnsMatchesShowingContextWhenSearchStringInContent()" classname="util.SearchTest" time="0.001"/>
  <testcase name="noMatchesReturnedWhenSearchStringNotInContent()" classname="util.SearchTest" time="0.0"/>
  <testcase name="erroredReturnsFalseWhenReadSucceeds()" classname="util.SearchTest" time="0.001"/>
  <system-out><![CDATA[]]></system-out>
  <system-err><![CDATA[]]></system-err>
</testsuite>
