<?xml version="1.0" encoding="UTF-8"?>
<testsuite name="iloveyouboss.domain.StatCompilerTest" tests="1" skipped="0" failures="0" errors="0" timestamp="2022-08-24T09:36:48" hostname="AL02025359.local" time="0.65">
  <properties/>
  <testcase name="responsesByQuestionAnswersCountsByQuestionText()" classname="iloveyouboss.domain.StatCompilerTest" time="0.65"/>
  <system-out><![CDATA[Hibernate: 
    
    drop table if exists AnswerChoice cascade 
Hibernate: 
    
    drop table if exists Question cascade 
Hibernate: 
    
    drop sequence if exists Question_SEQ
Hibernate: create sequence Question_SEQ start with 1 increment by 50
Hibernate: 
    
    create table AnswerChoice (
       question_id integer not null,
        answerChoices varchar(255)
    )
Hibernate: 
    
    create table Question (
       type varchar(31) not null,
        id integer not null,
        instant timestamp(6) with time zone,
        text varchar(255),
        primary key (id)
    )
Hibernate: 
    
    alter table if exists AnswerChoice 
       add constraint FKgik6gnn7a4o16kfjtntbyeija 
       foreign key (question_id) 
       references Question
]]></system-out>
  <system-err><![CDATA[Aug 24, 2022 6:36:48 PM org.hibernate.jpa.internal.util.LogHelper logPersistenceUnitInformation
INFO: HHH000204: Processing PersistenceUnitInfo [name: hello]
Aug 24, 2022 6:36:48 PM org.hibernate.Version logVersion
INFO: HHH000412: Hibernate ORM core version 6.1.2.Final
Aug 24, 2022 6:36:48 PM org.hibernate.jpa.boot.internal.EntityManagerFactoryBuilderImpl lambda$normalizeConnectionAccessUserAndPass$5
WARN: HHH90000021: Encountered deprecated setting [javax.persistence.jdbc.user], use [jakarta.persistence.jdbc.user] instead
Aug 24, 2022 6:36:48 PM org.hibernate.jpa.boot.internal.EntityManagerFactoryBuilderImpl lambda$normalizeConnectionAccessUserAndPass$11
WARN: HHH90000021: Encountered deprecated setting [javax.persistence.jdbc.password], use [jakarta.persistence.jdbc.password] instead
Aug 24, 2022 6:36:48 PM org.hibernate.jpa.boot.internal.EntityManagerFactoryBuilderImpl normalizeDataAccess
WARN: HHH90000021: Encountered deprecated setting [javax.persistence.jdbc.url], use [jakarta.persistence.jdbc.url] instead
Aug 24, 2022 6:36:48 PM org.hibernate.jpa.boot.internal.EntityManagerFactoryBuilderImpl normalizeDataAccess
WARN: HHH90000021: Encountered deprecated setting [javax.persistence.jdbc.driver], use [jakarta.persistence.jdbc.driver] instead
Aug 24, 2022 6:36:48 PM org.hibernate.engine.jdbc.connections.internal.DriverManagerConnectionProviderImpl configure
WARN: HHH10001002: Using built-in connection pool (not intended for production use)
Aug 24, 2022 6:36:48 PM org.hibernate.engine.jdbc.connections.internal.DriverManagerConnectionProviderImpl buildCreator
INFO: HHH10001005: Loaded JDBC driver class: org.h2.Driver
Aug 24, 2022 6:36:48 PM org.hibernate.engine.jdbc.connections.internal.DriverManagerConnectionProviderImpl buildCreator
INFO: HHH10001012: Connecting with JDBC URL [jdbc:h2:tcp://localhost/~/board]
Aug 24, 2022 6:36:48 PM org.hibernate.engine.jdbc.connections.internal.DriverManagerConnectionProviderImpl buildCreator
INFO: HHH10001001: Connection properties: {password=****, user=sa}
Aug 24, 2022 6:36:48 PM org.hibernate.engine.jdbc.connections.internal.DriverManagerConnectionProviderImpl buildCreator
INFO: HHH10001003: Autocommit mode: false
Aug 24, 2022 6:36:48 PM org.hibernate.engine.jdbc.connections.internal.DriverManagerConnectionProviderImpl$PooledConnections <init>
INFO: HHH10001115: Connection pool size: 20 (min=1)
Aug 24, 2022 6:36:48 PM org.hibernate.engine.jdbc.dialect.internal.DialectFactoryImpl logSelectedDialect
INFO: HHH000400: Using dialect: org.hibernate.dialect.H2Dialect
Aug 24, 2022 6:36:48 PM org.hibernate.resource.transaction.backend.jdbc.internal.DdlTransactionIsolatorNonJtaImpl getIsolatedConnection
INFO: HHH10001501: Connection obtained from JdbcConnectionAccess [org.hibernate.engine.jdbc.env.internal.JdbcEnvironmentInitiator$ConnectionProviderJdbcConnectionAccess@511f5b1d] for (non-JTA) DDL execution was not in auto-commit mode; the Connection 'local transaction' will be committed and the Connection will be set into auto-commit mode.
Aug 24, 2022 6:36:48 PM org.hibernate.resource.transaction.backend.jdbc.internal.DdlTransactionIsolatorNonJtaImpl getIsolatedConnection
INFO: HHH10001501: Connection obtained from JdbcConnectionAccess [org.hibernate.engine.jdbc.env.internal.JdbcEnvironmentInitiator$ConnectionProviderJdbcConnectionAccess@32120956] for (non-JTA) DDL execution was not in auto-commit mode; the Connection 'local transaction' will be committed and the Connection will be set into auto-commit mode.
Aug 24, 2022 6:36:48 PM org.hibernate.engine.transaction.jta.platform.internal.JtaPlatformInitiator initiateService
INFO: HHH000490: Using JtaPlatform implementation: [org.hibernate.engine.transaction.jta.platform.internal.NoJtaPlatform]
]]></system-err>
</testsuite>
