<?xml version="1.0" encoding="UTF-8"?>
<testsuite name="iloveyouboss.scratch.BearingTest" tests="5" skipped="0" failures="0" errors="0" timestamp="2022-08-28T09:40:12" hostname="AL02025359.local" time="0.002">
  <properties/>
  <testcase name="throwsWhenBearingTooLarge()" classname="iloveyouboss.scratch.BearingTest" time="0.001"/>
  <testcase name="answersAngelsBetweenItAndAnotherBearing()" classname="iloveyouboss.scratch.BearingTest" time="0.0"/>
  <testcase name="answersBetweenIsNegativeWhenThisBearingSmaller()" classname="iloveyouboss.scratch.BearingTest" time="0.001"/>
  <testcase name="answersValidBearing()" classname="iloveyouboss.scratch.BearingTest" time="0.0"/>
  <testcase name="throwsOnNegativeNumber()" classname="iloveyouboss.scratch.BearingTest" time="0.0"/>
  <system-out><![CDATA[]]></system-out>
  <system-err><![CDATA[]]></system-err>
</testsuite>
