<?xml version="1.0" encoding="UTF-8"?>
<testsuite name="util.SearchTest" tests="2" skipped="0" failures="0" errors="0" timestamp="2022-08-30T00:43:53" hostname="AL02025359.local" time="0.009">
  <properties/>
  <testcase name="returnsMatchesShowingContextWhenSearchStringInContent()" classname="util.SearchTest" time="0.007"/>
  <testcase name="noMatchesReturnedWhenSearchStringNotInContent()" classname="util.SearchTest" time="0.002"/>
  <system-out><![CDATA[]]></system-out>
  <system-err><![CDATA[]]></system-err>
</testsuite>
