<?xml version="1.0" encoding="UTF-8"?>
<testsuite name="iloveyouboss.domain.AnswerCollectionTest" tests="1" skipped="0" failures="0" errors="0" timestamp="2022-08-28T09:40:12" hostname="AL02025359.local" time="0.001">
  <properties/>
  <testcase name="findsAnswersBasedOnPredicate()" classname="iloveyouboss.domain.AnswerCollectionTest" time="0.001"/>
  <system-out><![CDATA[]]></system-out>
  <system-err><![CDATA[]]></system-err>
</testsuite>
