<?xml version="1.0" encoding="UTF-8"?>
<testsuite name="iloveyouboss.ProfileTest" tests="1" skipped="0" failures="0" errors="0" timestamp="2022-08-25T00:04:12" hostname="AL02025359.local" time="0.007">
  <properties/>
  <testcase name="findAnswersUnionComplementBasedOnPredicate()" classname="iloveyouboss.ProfileTest" time="0.007"/>
  <system-out><![CDATA[]]></system-out>
  <system-err><![CDATA[]]></system-err>
</testsuite>
